
Log for '' Clone_1 (V12.6.3.0) Mon Nov 19 18:07:10 2018


Log for 'C:\Users\data\AppData\Local\Temp\7710e30c3f534529bdf3440aa17d3897-pulp.lp' Clone_1 (V12.6.3.0) Mon Nov 19 18:07:10 2018


Log for 'C:\Users\data\AppData\Local\Temp\7710e30c3f534529bdf3440aa17d3897-pulp.lp' Clone_1 (V12.6.3.0) Mon Nov 19 18:07:11 2018

Tried aggregator 0 times.
No LP presolve or aggregator reductions.
Presolve time = 0.00 sec. (0.02 ticks)
Parallel mode: using up to 3 threads for barrier.
Number of nonzeros in lower triangle of A*A' = 26
Using Approximate Minimum Degree ordering
Total time for automatic ordering = 0.00 sec. (0.00 ticks)
Barrier time = 0.00 sec. (0.03 ticks)

Dual simplex solved model.


Log for '' Clone_1 (V12.6.3.0) Mon Nov 19 18:07:12 2018


Log for 'C:\Users\data\AppData\Local\Temp\83ce3bcaa5704295bb474d2ab1282c5e-pulp.lp' Clone_1 (V12.6.3.0) Mon Nov 19 18:07:13 2018


Log for 'C:\Users\data\AppData\Local\Temp\83ce3bcaa5704295bb474d2ab1282c5e-pulp.lp' Clone_1 (V12.6.3.0) Mon Nov 19 18:07:14 2018

Tried aggregator 0 times.
No LP presolve or aggregator reductions.
Presolve time = 0.00 sec. (0.02 ticks)
Parallel mode: using up to 3 threads for barrier.
Number of nonzeros in lower triangle of A*A' = 26
Using Approximate Minimum Degree ordering
Total time for automatic ordering = 0.00 sec. (0.00 ticks)
Summary statistics for Cholesky factor:
  Threads                   = 3
  Rows in Factor            = 31
  Integer space required    = 35
  Total non-zeros in factor = 231
  Total FP ops to factor    = 2917
Barrier time = 0.00 sec. (0.05 ticks)

Dual simplex solved model.


Log for '' Clone_1 (V12.6.3.0) Mon Nov 19 18:17:54 2018


Log for 'C:\Users\data\AppData\Local\Temp\a9887303eac5436384fac89ed176064b-pulp.lp' Clone_1 (V12.6.3.0) Mon Nov 19 18:17:55 2018


Log for '' Clone_1 (V12.6.3.0) Mon Nov 19 18:18:40 2018


Log for 'C:\Users\data\AppData\Local\Temp\f66736e1072e48c88f612db6a183516c-pulp.lp' Clone_1 (V12.6.3.0) Mon Nov 19 18:18:42 2018


Log for 'C:\Users\data\AppData\Local\Temp\a9887303eac5436384fac89ed176064b-pulp.lp' Clone_1 (V12.6.3.0) Mon Nov 19 18:19:06 2018

Tried aggregator 0 times.
No LP presolve or aggregator reductions.
Presolve time = 0.00 sec. (0.02 ticks)
Parallel mode: using up to 3 threads for barrier.
Number of nonzeros in lower triangle of A*A' = 1
Using Approximate Minimum Degree ordering
Total time for automatic ordering = 0.00 sec. (0.00 ticks)
Summary statistics for Cholesky factor:
  Threads                   = 3
  Rows in Factor            = 11
  Integer space required    = 11
  Total non-zeros in factor = 12
  Total FP ops to factor    = 14
 Itn      Primal Obj        Dual Obj  Prim Inf Upper Inf  Dual Inf Inf Ratio
   0  2.4150959e+005 -1.8496304e+005 2.58e+003 6.87e+003 9.97e+000 1.00e+000
   1 -1.5614557e+005 -1.5707428e+005 6.43e+000 1.71e+001 1.37e-002 8.89e+002
Barrier time = 0.05 sec. (0.05 ticks)

Dual simplex solved model.


Log for '' Clone_1 (V12.6.3.0) Mon Nov 19 18:19:09 2018


Log for 'C:\Users\data\AppData\Local\Temp\338b1e1651174cba941bb0782e338dbe-pulp.lp' Clone_1 (V12.6.3.0) Mon Nov 19 18:19:10 2018


Log for 'C:\Users\data\AppData\Local\Temp\f66736e1072e48c88f612db6a183516c-pulp.lp' Clone_1 (V12.6.3.0) Mon Nov 19 18:19:59 2018

Tried aggregator 0 times.
No LP presolve or aggregator reductions.
Presolve time = 0.00 sec. (0.02 ticks)
Parallel mode: using up to 3 threads for barrier.
Number of nonzeros in lower triangle of A*A' = 1
Total time for automatic ordering = 0.00 sec. (0.00 ticks)
Barrier time = 0.00 sec. (0.02 ticks)

Dual simplex solved model.


Log for '' Clone_1 (V12.6.3.0) Mon Nov 19 18:20:02 2018


Log for 'C:\Users\data\AppData\Local\Temp\2abf9401858442afb82aa8009df3ce0e-pulp.lp' Clone_1 (V12.6.3.0) Mon Nov 19 18:20:03 2018


Log for 'C:\Users\data\AppData\Local\Temp\338b1e1651174cba941bb0782e338dbe-pulp.lp' Clone_1 (V12.6.3.0) Mon Nov 19 18:21:05 2018

Tried aggregator 0 times.
No LP presolve or aggregator reductions.
Presolve time = 0.00 sec. (0.02 ticks)
Parallel mode: using up to 3 threads for barrier.
Number of nonzeros in lower triangle of A*A' = 1
Using Approximate Minimum Degree ordering
Total time for automatic ordering = 0.00 sec. (0.00 ticks)
Barrier time = 0.00 sec. (0.02 ticks)

Dual simplex solved model.


Log for 'C:\Users\data\AppData\Local\Temp\2abf9401858442afb82aa8009df3ce0e-pulp.lp' Clone_1 (V12.6.3.0) Mon Nov 19 18:21:25 2018

Tried aggregator 0 times.
No LP presolve or aggregator reductions.
Presolve time = 0.00 sec. (0.02 ticks)
Parallel mode: using up to 3 threads for barrier.
Barrier time = 0.00 sec. (0.01 ticks)

Dual simplex solved model.


Log for '' Clone_1 (V12.6.3.0) Mon Nov 19 18:22:23 2018


Log for 'C:\Users\data\AppData\Local\Temp\a4bcc566b376470082d32b878fd7519c-pulp.lp' Clone_1 (V12.6.3.0) Mon Nov 19 18:22:24 2018


Log for 'C:\Users\data\AppData\Local\Temp\a4bcc566b376470082d32b878fd7519c-pulp.lp' Clone_1 (V12.6.3.0) Mon Nov 19 18:23:05 2018

Tried aggregator 0 times.
No LP presolve or aggregator reductions.
Presolve time = 0.00 sec. (0.02 ticks)
Parallel mode: using up to 3 threads for barrier.
Barrier time = 0.00 sec. (0.01 ticks)

Dual simplex solved model.


Log for '' Clone_1 (V12.6.3.0) Mon Nov 19 18:23:06 2018


Log for 'C:\Users\data\AppData\Local\Temp\c0fb084b949a417db40489328a4bf7ea-pulp.lp' Clone_1 (V12.6.3.0) Mon Nov 19 18:23:07 2018


Log for 'C:\Users\data\AppData\Local\Temp\c0fb084b949a417db40489328a4bf7ea-pulp.lp' Clone_1 (V12.6.3.0) Mon Nov 19 18:23:46 2018

Tried aggregator 0 times.
No LP presolve or aggregator reductions.
Presolve time = 0.00 sec. (0.02 ticks)
Parallel mode: using up to 3 threads for barrier.
Barrier time = 0.00 sec. (0.01 ticks)

Dual simplex solved model.


Log for '' Clone_1 (V12.6.3.0) Mon Nov 19 18:25:55 2018


Log for 'C:\Users\data\AppData\Local\Temp\8851595bf85041a79fbbf7e672eec192-pulp.lp' Clone_1 (V12.6.3.0) Mon Nov 19 18:25:56 2018


Log for 'C:\Users\data\AppData\Local\Temp\8851595bf85041a79fbbf7e672eec192-pulp.lp' Clone_1 (V12.6.3.0) Mon Nov 19 18:26:29 2018

Tried aggregator 0 times.
No LP presolve or aggregator reductions.
Presolve time = 0.00 sec. (0.02 ticks)
Parallel mode: using up to 3 threads for barrier.
Barrier time = 0.00 sec. (0.02 ticks)

Dual simplex solved model.


Log for '' Clone_1 (V12.6.3.0) Mon Nov 19 18:26:30 2018


Log for 'C:\Users\data\AppData\Local\Temp\79508a3273b84fc8be2d0c393458fdbc-pulp.lp' Clone_1 (V12.6.3.0) Mon Nov 19 18:26:31 2018


Log for 'C:\Users\data\AppData\Local\Temp\79508a3273b84fc8be2d0c393458fdbc-pulp.lp' Clone_1 (V12.6.3.0) Mon Nov 19 18:27:07 2018

Tried aggregator 0 times.
No LP presolve or aggregator reductions.
Presolve time = 0.00 sec. (0.02 ticks)
Parallel mode: using up to 3 threads for barrier.
Barrier time = 0.00 sec. (0.02 ticks)

Dual simplex solved model.


Log for '' Clone_1 (V12.6.3.0) Mon Nov 19 18:27:37 2018


Log for 'C:\Users\data\AppData\Local\Temp\a68c596738834eafb62e5bbcdbbeb221-pulp.lp' Clone_1 (V12.6.3.0) Mon Nov 19 18:27:38 2018


Log for 'C:\Users\data\AppData\Local\Temp\a68c596738834eafb62e5bbcdbbeb221-pulp.lp' Clone_1 (V12.6.3.0) Mon Nov 19 18:27:41 2018

Tried aggregator 0 times.
No LP presolve or aggregator reductions.
Presolve time = 0.00 sec. (0.02 ticks)
Parallel mode: using up to 3 threads for barrier.
Number of nonzeros in lower triangle of A*A' = 26
Using Approximate Minimum Degree ordering
Total time for automatic ordering = 0.00 sec. (0.00 ticks)
Barrier time = 0.00 sec. (0.03 ticks)

Dual simplex solved model.


Log for '' Clone_1 (V12.6.3.0) Mon Nov 19 18:27:42 2018


Log for 'C:\Users\data\AppData\Local\Temp\861e86807d5047e2bb3d842db5500fd8-pulp.lp' Clone_1 (V12.6.3.0) Mon Nov 19 18:27:43 2018


Log for 'C:\Users\data\AppData\Local\Temp\861e86807d5047e2bb3d842db5500fd8-pulp.lp' Clone_1 (V12.6.3.0) Mon Nov 19 18:27:46 2018

Tried aggregator 0 times.
No LP presolve or aggregator reductions.
Presolve time = 0.00 sec. (0.02 ticks)
Parallel mode: using up to 3 threads for barrier.
Number of nonzeros in lower triangle of A*A' = 26
Total time for automatic ordering = 0.00 sec. (0.00 ticks)
Barrier time = 0.00 sec. (0.03 ticks)

Dual simplex solved model.


Log for '' Clone_1 (V12.6.3.0) Mon Nov 19 18:28:11 2018


Log for 'C:\Users\data\AppData\Local\Temp\37a3f3647bdc415caa3d0438e6cc50fe-pulp.lp' Clone_1 (V12.6.3.0) Mon Nov 19 18:28:11 2018


Log for 'C:\Users\data\AppData\Local\Temp\37a3f3647bdc415caa3d0438e6cc50fe-pulp.lp' Clone_1 (V12.6.3.0) Mon Nov 19 18:28:12 2018

Tried aggregator 0 times.
No LP presolve or aggregator reductions.
Presolve time = 0.00 sec. (0.02 ticks)
Parallel mode: using up to 3 threads for barrier.
Number of nonzeros in lower triangle of A*A' = 27
Using Approximate Minimum Degree ordering
Total time for automatic ordering = 0.00 sec. (0.00 ticks)
Summary statistics for Cholesky factor:
  Threads                   = 3
  Rows in Factor            = 33
  Integer space required    = 38
  Total non-zeros in factor = 234
  Total FP ops to factor    = 2922
Barrier time = 0.00 sec. (0.05 ticks)

Dual simplex solved model.


Log for '' Clone_1 (V12.6.3.0) Mon Nov 19 18:28:13 2018


Log for 'C:\Users\data\AppData\Local\Temp\5425cde80576467f9b8ea18336f94e5e-pulp.lp' Clone_1 (V12.6.3.0) Mon Nov 19 18:28:14 2018


Log for 'C:\Users\data\AppData\Local\Temp\5425cde80576467f9b8ea18336f94e5e-pulp.lp' Clone_1 (V12.6.3.0) Mon Nov 19 18:28:15 2018

Tried aggregator 0 times.
No LP presolve or aggregator reductions.
Presolve time = 0.00 sec. (0.02 ticks)
Parallel mode: using up to 3 threads for barrier.
Number of nonzeros in lower triangle of A*A' = 27
Using Approximate Minimum Degree ordering
Total time for automatic ordering = 0.00 sec. (0.00 ticks)
Summary statistics for Cholesky factor:
  Threads                   = 3
  Rows in Factor            = 33
  Integer space required    = 38
  Total non-zeros in factor = 234
  Total FP ops to factor    = 2922
Barrier time = 0.00 sec. (0.05 ticks)

Dual simplex solved model.


Log for '' Clone_1 (V12.6.3.0) Tue Nov 20 09:40:30 2018


Log for 'C:\Users\data\AppData\Local\Temp\59e8eeb7bb6b4e69940c03c85efd5da7-pulp.lp' Clone_1 (V12.6.3.0) Tue Nov 20 09:40:31 2018


Log for 'C:\Users\data\AppData\Local\Temp\59e8eeb7bb6b4e69940c03c85efd5da7-pulp.lp' Clone_1 (V12.6.3.0) Tue Nov 20 09:40:34 2018

Tried aggregator 0 times.
No LP presolve or aggregator reductions.
Presolve time = 0.00 sec. (0.02 ticks)
Parallel mode: using up to 3 threads for barrier.
Number of nonzeros in lower triangle of A*A' = 23
Total time for automatic ordering = 0.00 sec. (0.00 ticks)
Barrier time = 0.00 sec. (0.03 ticks)

Dual simplex solved model.


Log for '' Clone_1 (V12.6.3.0) Tue Nov 20 09:40:35 2018


Log for 'C:\Users\data\AppData\Local\Temp\8c1a7888d1d6459194567f7290787f15-pulp.lp' Clone_1 (V12.6.3.0) Tue Nov 20 09:40:37 2018


Log for 'C:\Users\data\AppData\Local\Temp\8c1a7888d1d6459194567f7290787f15-pulp.lp' Clone_1 (V12.6.3.0) Tue Nov 20 09:40:40 2018

Tried aggregator 0 times.
No LP presolve or aggregator reductions.
Presolve time = 0.00 sec. (0.02 ticks)
Parallel mode: using up to 3 threads for barrier.
Number of nonzeros in lower triangle of A*A' = 23
Using Approximate Minimum Degree ordering
Total time for automatic ordering = 0.00 sec. (0.00 ticks)
Summary statistics for Cholesky factor:
  Threads                   = 3
  Rows in Factor            = 29
  Integer space required    = 31
  Total non-zeros in factor = 225
  Total FP ops to factor    = 2901
Barrier time = 0.00 sec. (0.04 ticks)

Dual simplex solved model.


Log for '' Clone_1 (V12.6.3.0) Tue Nov 20 09:42:01 2018


Log for 'C:\Users\data\AppData\Local\Temp\5bb5753eb0904312b6fdf0dd3c1b199e-pulp.lp' Clone_1 (V12.6.3.0) Tue Nov 20 09:42:02 2018


Log for 'C:\Users\data\AppData\Local\Temp\5bb5753eb0904312b6fdf0dd3c1b199e-pulp.lp' Clone_1 (V12.6.3.0) Tue Nov 20 09:42:03 2018

Tried aggregator 0 times.
No LP presolve or aggregator reductions.
Presolve time = 0.00 sec. (0.02 ticks)
Parallel mode: using up to 3 threads for barrier.
Number of nonzeros in lower triangle of A*A' = 24
Total time for automatic ordering = 0.00 sec. (0.00 ticks)
Barrier time = 0.00 sec. (0.03 ticks)

Dual simplex solved model.


Log for '' Clone_1 (V12.6.3.0) Tue Nov 20 09:42:04 2018


Log for 'C:\Users\data\AppData\Local\Temp\c07021489a9d4f4b99d819f515eeeee5-pulp.lp' Clone_1 (V12.6.3.0) Tue Nov 20 09:42:05 2018


Log for 'C:\Users\data\AppData\Local\Temp\c07021489a9d4f4b99d819f515eeeee5-pulp.lp' Clone_1 (V12.6.3.0) Tue Nov 20 09:42:06 2018

Tried aggregator 0 times.
No LP presolve or aggregator reductions.
Presolve time = 0.00 sec. (0.02 ticks)
Parallel mode: using up to 3 threads for barrier.
Number of nonzeros in lower triangle of A*A' = 24
Total time for automatic ordering = 0.00 sec. (0.00 ticks)
Barrier time = 0.00 sec. (0.03 ticks)

Dual simplex solved model.


Log for '' Clone_1 (V12.6.3.0) Tue Nov 20 09:43:13 2018


Log for 'C:\Users\data\AppData\Local\Temp\17a11956a1ec4c25a41774b0d1f67602-pulp.lp' Clone_1 (V12.6.3.0) Tue Nov 20 09:43:14 2018


Log for 'C:\Users\data\AppData\Local\Temp\17a11956a1ec4c25a41774b0d1f67602-pulp.lp' Clone_1 (V12.6.3.0) Tue Nov 20 09:43:19 2018

Tried aggregator 0 times.
No LP presolve or aggregator reductions.
Presolve time = 0.00 sec. (0.02 ticks)
Parallel mode: using up to 3 threads for barrier.
Number of nonzeros in lower triangle of A*A' = 25
Total time for automatic ordering = 0.00 sec. (0.00 ticks)
Barrier time = 0.00 sec. (0.03 ticks)

Dual simplex solved model.


Log for '' Clone_1 (V12.6.3.0) Tue Nov 20 09:43:20 2018


Log for 'C:\Users\data\AppData\Local\Temp\c3c73494cc84437995f50b64f58837e4-pulp.lp' Clone_1 (V12.6.3.0) Tue Nov 20 09:43:20 2018


Log for 'C:\Users\data\AppData\Local\Temp\c3c73494cc84437995f50b64f58837e4-pulp.lp' Clone_1 (V12.6.3.0) Tue Nov 20 09:43:25 2018

Tried aggregator 0 times.
No LP presolve or aggregator reductions.
Presolve time = 0.00 sec. (0.02 ticks)
Parallel mode: using up to 3 threads for barrier.
Number of nonzeros in lower triangle of A*A' = 25
Total time for automatic ordering = 0.00 sec. (0.00 ticks)
Barrier time = 0.00 sec. (0.03 ticks)

Dual simplex solved model.


Log for '' Clone_1 (V12.6.3.0) Tue Nov 20 09:45:13 2018


Log for 'C:\Users\data\AppData\Local\Temp\263621667a4f439aa7c78f300ad2842d-pulp.lp' Clone_1 (V12.6.3.0) Tue Nov 20 09:45:13 2018


Log for 'C:\Users\data\AppData\Local\Temp\263621667a4f439aa7c78f300ad2842d-pulp.lp' Clone_1 (V12.6.3.0) Tue Nov 20 09:45:15 2018

Tried aggregator 0 times.
No LP presolve or aggregator reductions.
Presolve time = 0.00 sec. (0.03 ticks)
Parallel mode: using up to 3 threads for barrier.
Number of nonzeros in lower triangle of A*A' = 26
Total time for automatic ordering = 0.00 sec. (0.00 ticks)
Barrier time = 0.00 sec. (0.03 ticks)

Dual simplex solved model.


Log for '' Clone_1 (V12.6.3.0) Tue Nov 20 09:45:16 2018


Log for 'C:\Users\data\AppData\Local\Temp\9c5115bfe6f94d8388cb63cbd952e140-pulp.lp' Clone_1 (V12.6.3.0) Tue Nov 20 09:45:16 2018


Log for 'C:\Users\data\AppData\Local\Temp\9c5115bfe6f94d8388cb63cbd952e140-pulp.lp' Clone_1 (V12.6.3.0) Tue Nov 20 09:45:17 2018

Tried aggregator 0 times.
No LP presolve or aggregator reductions.
Presolve time = 0.00 sec. (0.03 ticks)
Parallel mode: using up to 3 threads for barrier.
Number of nonzeros in lower triangle of A*A' = 26
Total time for automatic ordering = 0.00 sec. (0.00 ticks)
Barrier time = 0.00 sec. (0.03 ticks)

Dual simplex solved model.


Log for '' Clone_1 (V12.6.3.0) Tue Nov 20 09:45:49 2018


Log for 'C:\Users\data\AppData\Local\Temp\0a73badd63fe428ba1729595abed2634-pulp.lp' Clone_1 (V12.6.3.0) Tue Nov 20 09:45:50 2018


Log for 'C:\Users\data\AppData\Local\Temp\0a73badd63fe428ba1729595abed2634-pulp.lp' Clone_1 (V12.6.3.0) Tue Nov 20 09:45:51 2018

Tried aggregator 0 times.
No LP presolve or aggregator reductions.
Presolve time = 0.00 sec. (0.02 ticks)
Parallel mode: using up to 3 threads for barrier.
Number of nonzeros in lower triangle of A*A' = 21
Using Approximate Minimum Degree ordering
Total time for automatic ordering = 0.00 sec. (0.00 ticks)
Barrier time = 0.00 sec. (0.03 ticks)

Dual simplex solved model.


Log for '' Clone_1 (V12.6.3.0) Tue Nov 20 09:45:52 2018


Log for 'C:\Users\data\AppData\Local\Temp\eba9b053c4c548b3a5a0cf0721425d64-pulp.lp' Clone_1 (V12.6.3.0) Tue Nov 20 09:45:53 2018


Log for 'C:\Users\data\AppData\Local\Temp\eba9b053c4c548b3a5a0cf0721425d64-pulp.lp' Clone_1 (V12.6.3.0) Tue Nov 20 09:45:54 2018

Tried aggregator 0 times.
No LP presolve or aggregator reductions.
Presolve time = 0.00 sec. (0.02 ticks)
Parallel mode: using up to 3 threads for barrier.
Number of nonzeros in lower triangle of A*A' = 21
Total time for automatic ordering = 0.00 sec. (0.00 ticks)
Barrier time = 0.00 sec. (0.03 ticks)

Dual simplex solved model.


Log for '' Clone_1 (V12.6.3.0) Tue Nov 20 09:47:14 2018


Log for 'C:\Users\data\AppData\Local\Temp\f87415ab17c943f09c77ea53d68c715b-pulp.lp' Clone_1 (V12.6.3.0) Tue Nov 20 09:47:14 2018


Log for 'C:\Users\data\AppData\Local\Temp\f87415ab17c943f09c77ea53d68c715b-pulp.lp' Clone_1 (V12.6.3.0) Tue Nov 20 09:47:15 2018

Tried aggregator 0 times.
No LP presolve or aggregator reductions.
Presolve time = 0.00 sec. (0.03 ticks)
Parallel mode: using up to 3 threads for barrier.
Number of nonzeros in lower triangle of A*A' = 30
Total time for automatic ordering = 0.00 sec. (0.00 ticks)
Barrier time = 0.00 sec. (0.04 ticks)

Dual simplex solved model.


Log for '' Clone_1 (V12.6.3.0) Tue Nov 20 09:47:34 2018


Log for 'C:\Users\data\AppData\Local\Temp\858454bb7c7b4e048987bfcf360c6a9a-pulp.lp' Clone_1 (V12.6.3.0) Tue Nov 20 09:47:35 2018


Log for 'C:\Users\data\AppData\Local\Temp\858454bb7c7b4e048987bfcf360c6a9a-pulp.lp' Clone_1 (V12.6.3.0) Tue Nov 20 09:47:40 2018

Tried aggregator 0 times.
No LP presolve or aggregator reductions.
Presolve time = 0.00 sec. (0.02 ticks)
Parallel mode: using up to 3 threads for barrier.
Number of nonzeros in lower triangle of A*A' = 29
Using Approximate Minimum Degree ordering
Total time for automatic ordering = 0.00 sec. (0.01 ticks)
Summary statistics for Cholesky factor:
  Threads                   = 3
  Rows in Factor            = 34
  Integer space required    = 39
  Total non-zeros in factor = 239
  Total FP ops to factor    = 2939
Barrier time = 0.00 sec. (0.05 ticks)

Dual simplex solved model.


Log for '' Clone_1 (V12.6.3.0) Tue Nov 20 09:47:43 2018


Log for 'C:\Users\data\AppData\Local\Temp\04c0392fe74641759dd2162279a52ef1-pulp.lp' Clone_1 (V12.6.3.0) Tue Nov 20 09:47:43 2018


Log for 'C:\Users\data\AppData\Local\Temp\04c0392fe74641759dd2162279a52ef1-pulp.lp' Clone_1 (V12.6.3.0) Tue Nov 20 09:47:48 2018

Tried aggregator 0 times.
No LP presolve or aggregator reductions.
Presolve time = 0.00 sec. (0.02 ticks)
Parallel mode: using up to 3 threads for barrier.
Number of nonzeros in lower triangle of A*A' = 29
Total time for automatic ordering = 0.00 sec. (0.00 ticks)
Barrier time = 0.00 sec. (0.03 ticks)

Dual simplex solved model.


Log for '' Clone_1 (V12.6.3.0) Tue Nov 20 09:48:02 2018


Log for 'C:\Users\data\AppData\Local\Temp\88a2202a366a4c638273821d45a312f0-pulp.lp' Clone_1 (V12.6.3.0) Tue Nov 20 09:48:03 2018


Log for 'C:\Users\data\AppData\Local\Temp\88a2202a366a4c638273821d45a312f0-pulp.lp' Clone_1 (V12.6.3.0) Tue Nov 20 09:48:04 2018

Tried aggregator 0 times.
No LP presolve or aggregator reductions.
Presolve time = 0.00 sec. (0.03 ticks)
Parallel mode: using up to 3 threads for barrier.
Number of nonzeros in lower triangle of A*A' = 26
Using Approximate Minimum Degree ordering
Total time for automatic ordering = 0.00 sec. (0.00 ticks)
Barrier time = 0.00 sec. (0.04 ticks)

Dual simplex solved model.


Log for '' Clone_1 (V12.6.3.0) Tue Nov 20 09:48:04 2018


Log for 'C:\Users\data\AppData\Local\Temp\ec557641530240eb92b0c469ab8137ba-pulp.lp' Clone_1 (V12.6.3.0) Tue Nov 20 09:48:05 2018


Log for 'C:\Users\data\AppData\Local\Temp\ec557641530240eb92b0c469ab8137ba-pulp.lp' Clone_1 (V12.6.3.0) Tue Nov 20 09:48:06 2018

Tried aggregator 0 times.
No LP presolve or aggregator reductions.
Presolve time = 0.00 sec. (0.03 ticks)
Parallel mode: using up to 3 threads for barrier.
Number of nonzeros in lower triangle of A*A' = 26
Total time for automatic ordering = 0.00 sec. (0.00 ticks)
Barrier time = 0.00 sec. (0.04 ticks)

Dual simplex solved model.


Log for '' Clone_1 (V12.6.3.0) Tue Nov 20 09:55:39 2018


Log for 'C:\Users\data\AppData\Local\Temp\9e7757ad9b8e4cbbb76721fdeed2e189-pulp.lp' Clone_1 (V12.6.3.0) Tue Nov 20 09:55:39 2018


Log for 'C:\Users\data\AppData\Local\Temp\9e7757ad9b8e4cbbb76721fdeed2e189-pulp.lp' Clone_1 (V12.6.3.0) Tue Nov 20 09:55:40 2018

Tried aggregator 0 times.
No LP presolve or aggregator reductions.
Presolve time = 0.00 sec. (0.02 ticks)
Parallel mode: using up to 3 threads for barrier.
Number of nonzeros in lower triangle of A*A' = 15
Total time for automatic ordering = 0.00 sec. (0.00 ticks)
Barrier time = 0.00 sec. (0.02 ticks)

Dual simplex solved model.


Log for '' Clone_1 (V12.6.3.0) Tue Nov 20 09:55:41 2018


Log for 'C:\Users\data\AppData\Local\Temp\7be0592867954fab92ffb8a73c0cecd4-pulp.lp' Clone_1 (V12.6.3.0) Tue Nov 20 09:55:42 2018


Log for 'C:\Users\data\AppData\Local\Temp\7be0592867954fab92ffb8a73c0cecd4-pulp.lp' Clone_1 (V12.6.3.0) Tue Nov 20 09:55:43 2018

Tried aggregator 0 times.
No LP presolve or aggregator reductions.
Presolve time = 0.00 sec. (0.02 ticks)
Parallel mode: using up to 3 threads for barrier.
Number of nonzeros in lower triangle of A*A' = 15
Using Approximate Minimum Degree ordering
Total time for automatic ordering = 0.00 sec. (0.00 ticks)
Summary statistics for Cholesky factor:
  Threads                   = 3
  Rows in Factor            = 23
  Integer space required    = 23
  Total non-zeros in factor = 129
  Total FP ops to factor    = 1251
Barrier time = 0.00 sec. (0.04 ticks)

Dual simplex solved model.


Log for '' Clone_1 (V12.6.3.0) Tue Nov 20 09:56:50 2018


Log for 'C:\Users\data\AppData\Local\Temp\8d300a8a68ae49daa371b51cb422a21a-pulp.lp' Clone_1 (V12.6.3.0) Tue Nov 20 09:56:50 2018


Log for 'C:\Users\data\AppData\Local\Temp\8d300a8a68ae49daa371b51cb422a21a-pulp.lp' Clone_1 (V12.6.3.0) Tue Nov 20 09:56:51 2018

Tried aggregator 0 times.
No LP presolve or aggregator reductions.
Presolve time = 0.00 sec. (0.03 ticks)
Parallel mode: using up to 3 threads for barrier.
Number of nonzeros in lower triangle of A*A' = 28
Using Approximate Minimum Degree ordering
Total time for automatic ordering = 0.00 sec. (0.01 ticks)
Summary statistics for Cholesky factor:
  Threads                   = 3
  Rows in Factor            = 35
  Integer space required    = 40
  Total non-zeros in factor = 238
  Total FP ops to factor    = 2932
Barrier time = 0.00 sec. (0.05 ticks)

Dual simplex solved model.


Log for '' Clone_1 (V12.6.3.0) Tue Nov 20 09:56:52 2018


Log for 'C:\Users\data\AppData\Local\Temp\c2ac4d46f0a542afa6a90c650e4862b5-pulp.lp' Clone_1 (V12.6.3.0) Tue Nov 20 09:56:53 2018


Log for 'C:\Users\data\AppData\Local\Temp\c2ac4d46f0a542afa6a90c650e4862b5-pulp.lp' Clone_1 (V12.6.3.0) Tue Nov 20 09:56:54 2018

Tried aggregator 0 times.
No LP presolve or aggregator reductions.
Presolve time = 0.00 sec. (0.03 ticks)
Parallel mode: using up to 3 threads for barrier.
Number of nonzeros in lower triangle of A*A' = 28
Using Approximate Minimum Degree ordering
Total time for automatic ordering = 0.00 sec. (0.01 ticks)
Summary statistics for Cholesky factor:
  Threads                   = 3
  Rows in Factor            = 35
  Integer space required    = 40
  Total non-zeros in factor = 238
  Total FP ops to factor    = 2932
Barrier time = 0.00 sec. (0.05 ticks)

Dual simplex solved model.


Log for '' Clone_1 (V12.6.3.0) Tue Nov 20 10:00:39 2018


Log for 'C:\Users\data\AppData\Local\Temp\bab698def3c347a8bfb87ac8479f1b13-pulp.lp' Clone_1 (V12.6.3.0) Tue Nov 20 10:00:40 2018


Log for 'C:\Users\data\AppData\Local\Temp\bab698def3c347a8bfb87ac8479f1b13-pulp.lp' Clone_1 (V12.6.3.0) Tue Nov 20 10:00:41 2018

Tried aggregator 0 times.
No LP presolve or aggregator reductions.
Presolve time = 0.00 sec. (0.02 ticks)
Parallel mode: using up to 3 threads for barrier.
Number of nonzeros in lower triangle of A*A' = 18
Total time for automatic ordering = 0.00 sec. (0.00 ticks)
Barrier time = 0.00 sec. (0.03 ticks)

Dual simplex solved model.


Log for '' Clone_1 (V12.6.3.0) Tue Nov 20 10:00:42 2018


Log for 'C:\Users\data\AppData\Local\Temp\6c4344ad866c4b3abfbd94a89ac8fc5d-pulp.lp' Clone_1 (V12.6.3.0) Tue Nov 20 10:00:42 2018


Log for 'C:\Users\data\AppData\Local\Temp\6c4344ad866c4b3abfbd94a89ac8fc5d-pulp.lp' Clone_1 (V12.6.3.0) Tue Nov 20 10:00:43 2018

Tried aggregator 0 times.
No LP presolve or aggregator reductions.
Presolve time = 0.00 sec. (0.02 ticks)
Parallel mode: using up to 3 threads for barrier.
Number of nonzeros in lower triangle of A*A' = 18
Total time for automatic ordering = 0.00 sec. (0.00 ticks)
Barrier time = 0.00 sec. (0.03 ticks)

Dual simplex solved model.


Log for '' Clone_1 (V12.6.3.0) Tue Nov 20 10:04:07 2018


Log for 'C:\Users\data\AppData\Local\Temp\6e81ea4394e442ebab125a168fce6e71-pulp.lp' Clone_1 (V12.6.3.0) Tue Nov 20 10:04:07 2018


Log for 'C:\Users\data\AppData\Local\Temp\6e81ea4394e442ebab125a168fce6e71-pulp.lp' Clone_1 (V12.6.3.0) Tue Nov 20 10:04:08 2018

Tried aggregator 0 times.
No LP presolve or aggregator reductions.
Presolve time = 0.00 sec. (0.02 ticks)
Parallel mode: using up to 3 threads for barrier.
Number of nonzeros in lower triangle of A*A' = 20
Using Approximate Minimum Degree ordering
Total time for automatic ordering = 0.00 sec. (0.00 ticks)
Summary statistics for Cholesky factor:
  Threads                   = 3
  Rows in Factor            = 26
  Integer space required    = 27
  Total non-zeros in factor = 217
  Total FP ops to factor    = 2879
Barrier time = 0.00 sec. (0.04 ticks)

Dual simplex solved model.


Log for '' Clone_1 (V12.6.3.0) Tue Nov 20 10:04:39 2018


Log for 'C:\Users\data\AppData\Local\Temp\5154df7b33564db6a57adb2935f38e05-pulp.lp' Clone_1 (V12.6.3.0) Tue Nov 20 10:04:40 2018


Log for 'C:\Users\data\AppData\Local\Temp\5154df7b33564db6a57adb2935f38e05-pulp.lp' Clone_1 (V12.6.3.0) Tue Nov 20 10:04:43 2018

Tried aggregator 0 times.
No LP presolve or aggregator reductions.
Presolve time = 0.00 sec. (0.02 ticks)
Parallel mode: using up to 3 threads for barrier.
Number of nonzeros in lower triangle of A*A' = 27
Using Approximate Minimum Degree ordering
Total time for automatic ordering = 0.00 sec. (0.00 ticks)
Barrier time = 0.00 sec. (0.03 ticks)

Dual simplex solved model.


Log for '' Clone_1 (V12.6.3.0) Tue Nov 20 10:06:06 2018


Log for 'C:\Users\data\AppData\Local\Temp\eb777c43b80141888436fe0ac4506e6f-pulp.lp' Clone_1 (V12.6.3.0) Tue Nov 20 10:06:06 2018


Log for 'C:\Users\data\AppData\Local\Temp\eb777c43b80141888436fe0ac4506e6f-pulp.lp' Clone_1 (V12.6.3.0) Tue Nov 20 10:06:07 2018

Tried aggregator 0 times.
No LP presolve or aggregator reductions.
Presolve time = 0.00 sec. (0.02 ticks)
Parallel mode: using up to 3 threads for barrier.
Number of nonzeros in lower triangle of A*A' = 21
Total time for automatic ordering = 0.00 sec. (0.00 ticks)
Barrier time = 0.00 sec. (0.03 ticks)

Dual simplex solved model.


Log for '' Clone_1 (V12.6.3.0) Tue Nov 20 10:06:26 2018


Log for 'C:\Users\data\AppData\Local\Temp\cc9e5744cf654257b186b18fee1444b4-pulp.lp' Clone_1 (V12.6.3.0) Tue Nov 20 10:06:27 2018


Log for 'C:\Users\data\AppData\Local\Temp\cc9e5744cf654257b186b18fee1444b4-pulp.lp' Clone_1 (V12.6.3.0) Tue Nov 20 10:06:27 2018

Tried aggregator 0 times.
No LP presolve or aggregator reductions.
Presolve time = 0.00 sec. (0.02 ticks)
Parallel mode: using up to 3 threads for barrier.
Number of nonzeros in lower triangle of A*A' = 27
Total time for automatic ordering = 0.00 sec. (0.00 ticks)
Barrier time = 0.00 sec. (0.03 ticks)

Dual simplex solved model.


Log for '' Clone_1 (V12.6.3.0) Tue Nov 20 10:06:55 2018


Log for 'C:\Users\data\AppData\Local\Temp\0c94f80b35044f2b96f0ee64aef9e1c1-pulp.lp' Clone_1 (V12.6.3.0) Tue Nov 20 10:06:56 2018


Log for 'C:\Users\data\AppData\Local\Temp\0c94f80b35044f2b96f0ee64aef9e1c1-pulp.lp' Clone_1 (V12.6.3.0) Tue Nov 20 10:06:57 2018

Tried aggregator 0 times.
No LP presolve or aggregator reductions.
Presolve time = 0.00 sec. (0.02 ticks)
Parallel mode: using up to 3 threads for barrier.
Number of nonzeros in lower triangle of A*A' = 24
Using Approximate Minimum Degree ordering
Total time for automatic ordering = 0.00 sec. (0.00 ticks)
Summary statistics for Cholesky factor:
  Threads                   = 3
  Rows in Factor            = 29
  Integer space required    = 32
  Total non-zeros in factor = 226
  Total FP ops to factor    = 2904
Barrier time = 0.00 sec. (0.04 ticks)

Dual simplex solved model.


Log for '' Clone_1 (V12.6.3.0) Tue Nov 20 10:07:10 2018


Log for 'C:\Users\data\AppData\Local\Temp\66e2db2f1d5b42e7a2285e89a9c0f1ae-pulp.lp' Clone_1 (V12.6.3.0) Tue Nov 20 10:07:10 2018


Log for 'C:\Users\data\AppData\Local\Temp\66e2db2f1d5b42e7a2285e89a9c0f1ae-pulp.lp' Clone_1 (V12.6.3.0) Tue Nov 20 10:07:12 2018

Tried aggregator 0 times.
No LP presolve or aggregator reductions.
Presolve time = 0.00 sec. (0.02 ticks)
Parallel mode: using up to 3 threads for barrier.
Number of nonzeros in lower triangle of A*A' = 18
Using Approximate Minimum Degree ordering
Total time for automatic ordering = 0.00 sec. (0.00 ticks)
Summary statistics for Cholesky factor:
  Threads                   = 3
  Rows in Factor            = 25
  Integer space required    = 25
  Total non-zeros in factor = 196
  Total FP ops to factor    = 2476
Barrier time = 0.00 sec. (0.04 ticks)

Dual simplex solved model.


Log for '' Clone_1 (V12.6.3.0) Tue Nov 20 10:07:16 2018


Log for 'C:\Users\data\AppData\Local\Temp\f292153cbc714dd0b4c8404a171824de-pulp.lp' Clone_1 (V12.6.3.0) Tue Nov 20 10:07:17 2018


Log for 'C:\Users\data\AppData\Local\Temp\f292153cbc714dd0b4c8404a171824de-pulp.lp' Clone_1 (V12.6.3.0) Tue Nov 20 10:07:17 2018

Tried aggregator 0 times.
No LP presolve or aggregator reductions.
Presolve time = 0.00 sec. (0.02 ticks)
Parallel mode: using up to 3 threads for barrier.
Barrier time = 0.00 sec. (0.03 ticks)

Dual simplex solved model.


Log for '' Clone_1 (V12.6.3.0) Tue Nov 20 10:07:36 2018


Log for 'C:\Users\data\AppData\Local\Temp\0673784b43734d5aabc2adc97fe65b71-pulp.lp' Clone_1 (V12.6.3.0) Tue Nov 20 10:07:36 2018


Log for 'C:\Users\data\AppData\Local\Temp\0673784b43734d5aabc2adc97fe65b71-pulp.lp' Clone_1 (V12.6.3.0) Tue Nov 20 10:07:39 2018

Tried aggregator 0 times.
No LP presolve or aggregator reductions.
Presolve time = 0.00 sec. (0.02 ticks)
Parallel mode: using up to 3 threads for barrier.
Number of nonzeros in lower triangle of A*A' = 23
Using Approximate Minimum Degree ordering
Total time for automatic ordering = 0.00 sec. (0.00 ticks)
Summary statistics for Cholesky factor:
  Threads                   = 3
  Rows in Factor            = 28
  Integer space required    = 30
  Total non-zeros in factor = 224
  Total FP ops to factor    = 2900
Barrier time = 0.00 sec. (0.04 ticks)

Dual simplex solved model.


Log for '' Clone_1 (V12.6.3.0) Tue Nov 20 15:39:43 2018


Log for 'C:\Users\enn\AppData\Local\Temp\f0eda6dac5d64e3592ee79bcc24e8809-pulp.lp' Clone_1 (V12.6.3.0) Tue Nov 20 15:39:43 2018


Log for 'C:\Users\enn\AppData\Local\Temp\f0eda6dac5d64e3592ee79bcc24e8809-pulp.lp' Clone_1 (V12.6.3.0) Tue Nov 20 15:39:44 2018

Tried aggregator 0 times.
No LP presolve or aggregator reductions.
Presolve time = 0.00 sec. (0.02 ticks)
Parallel mode: using up to 3 threads for barrier.
Number of nonzeros in lower triangle of A*A' = 27
Total time for automatic ordering = 0.00 sec. (0.00 ticks)
Barrier time = 0.00 sec. (0.03 ticks)

Dual simplex solved model.


Log for '' Clone_1 (V12.6.3.0) Tue Nov 20 15:44:07 2018


Log for 'C:\Users\enn\AppData\Local\Temp\4a72c83ce4194e06b5350fbabe1f5887-pulp.lp' Clone_1 (V12.6.3.0) Tue Nov 20 15:44:07 2018


Log for 'C:\Users\enn\AppData\Local\Temp\4a72c83ce4194e06b5350fbabe1f5887-pulp.lp' Clone_1 (V12.6.3.0) Tue Nov 20 15:44:08 2018

Tried aggregator 0 times.
No LP presolve or aggregator reductions.
Presolve time = 0.00 sec. (0.01 ticks)
Parallel mode: using up to 3 threads for barrier.
Barrier time = 0.00 sec. (0.01 ticks)

Dual simplex solved model.


Log for '' Clone_1 (V12.6.3.0) Tue Nov 20 15:45:17 2018


Log for 'C:\Users\enn\AppData\Local\Temp\8a903ed1196b4ca9ba08e71313262a9c-pulp.lp' Clone_1 (V12.6.3.0) Tue Nov 20 15:45:18 2018


Log for 'C:\Users\enn\AppData\Local\Temp\8a903ed1196b4ca9ba08e71313262a9c-pulp.lp' Clone_1 (V12.6.3.0) Tue Nov 20 15:45:20 2018

Tried aggregator 0 times.
No LP presolve or aggregator reductions.
Presolve time = 0.00 sec. (0.02 ticks)
Parallel mode: using up to 3 threads for barrier.
Number of nonzeros in lower triangle of A*A' = 20
Using Approximate Minimum Degree ordering
Total time for automatic ordering = 0.00 sec. (0.00 ticks)
Summary statistics for Cholesky factor:
  Threads                   = 3
  Rows in Factor            = 29
  Integer space required    = 30
  Total non-zeros in factor = 220
  Total FP ops to factor    = 2882
Barrier time = 0.00 sec. (0.04 ticks)

Dual simplex solved model.


Log for '' Clone_1 (V12.6.3.0) Tue Nov 20 15:45:58 2018


Log for 'C:\Users\enn\AppData\Local\Temp\e6266710a0ff448e94f67abbc7356711-pulp.lp' Clone_1 (V12.6.3.0) Tue Nov 20 15:45:59 2018


Log for 'C:\Users\enn\AppData\Local\Temp\e6266710a0ff448e94f67abbc7356711-pulp.lp' Clone_1 (V12.6.3.0) Tue Nov 20 15:46:00 2018

Tried aggregator 0 times.
No LP presolve or aggregator reductions.
Presolve time = 0.00 sec. (0.02 ticks)
Parallel mode: using up to 3 threads for barrier.
Number of nonzeros in lower triangle of A*A' = 19
Using Approximate Minimum Degree ordering
Total time for automatic ordering = 0.00 sec. (0.00 ticks)
Barrier time = 0.00 sec. (0.03 ticks)

Dual simplex solved model.


Log for '' Clone_1 (V12.6.3.0) Tue Nov 20 15:47:57 2018


Log for 'C:\Users\enn\AppData\Local\Temp\dfe8bba4198746548461f996b08a984b-pulp.lp' Clone_1 (V12.6.3.0) Tue Nov 20 15:47:57 2018


Log for 'C:\Users\enn\AppData\Local\Temp\dfe8bba4198746548461f996b08a984b-pulp.lp' Clone_1 (V12.6.3.0) Tue Nov 20 15:47:58 2018

Tried aggregator 0 times.
No LP presolve or aggregator reductions.
Presolve time = 0.00 sec. (0.03 ticks)
Parallel mode: using up to 3 threads for barrier.
Number of nonzeros in lower triangle of A*A' = 62
Using Approximate Minimum Degree ordering
Total time for automatic ordering = 0.00 sec. (0.01 ticks)
Summary statistics for Cholesky factor:
  Threads                   = 3
  Rows in Factor            = 54
  Integer space required    = 63
  Total non-zeros in factor = 316
  Total FP ops to factor    = 3268
Barrier time = 0.00 sec. (0.08 ticks)

Dual simplex solved model.


Log for '' Clone_1 (V12.6.3.0) Tue Nov 20 15:49:21 2018


Log for 'C:\Users\enn\AppData\Local\Temp\8267d35d41a5485b9848f1604d6f48d2-pulp.lp' Clone_1 (V12.6.3.0) Tue Nov 20 15:49:22 2018


Log for '' Clone_1 (V12.6.3.0) Tue Nov 20 15:51:17 2018


Log for 'C:\Users\enn\AppData\Local\Temp\f9b114c4937b41c1b6c3e25392147e4d-pulp.lp' Clone_1 (V12.6.3.0) Tue Nov 20 15:51:17 2018


Log for 'C:\Users\enn\AppData\Local\Temp\f9b114c4937b41c1b6c3e25392147e4d-pulp.lp' Clone_1 (V12.6.3.0) Tue Nov 20 15:51:18 2018

Tried aggregator 0 times.
No LP presolve or aggregator reductions.
Presolve time = 0.00 sec. (0.03 ticks)
Parallel mode: using up to 3 threads for barrier.
Number of nonzeros in lower triangle of A*A' = 60
Using Approximate Minimum Degree ordering
Total time for automatic ordering = 0.00 sec. (0.01 ticks)
Summary statistics for Cholesky factor:
  Threads                   = 3
  Rows in Factor            = 53
  Integer space required    = 62
  Total non-zeros in factor = 309
  Total FP ops to factor    = 3235
Barrier time = 0.00 sec. (0.08 ticks)

Dual simplex solved model.


Log for '' Clone_1 (V12.6.3.0) Tue Nov 20 15:52:08 2018


Log for 'C:\Users\enn\AppData\Local\Temp\d3ceb48df8b2495aa1e2107509459a03-pulp.lp' Clone_1 (V12.6.3.0) Tue Nov 20 15:52:09 2018


Log for 'C:\Users\enn\AppData\Local\Temp\d3ceb48df8b2495aa1e2107509459a03-pulp.lp' Clone_1 (V12.6.3.0) Tue Nov 20 15:52:10 2018

Tried aggregator 0 times.
No LP presolve or aggregator reductions.
Presolve time = 0.00 sec. (0.03 ticks)
Parallel mode: using up to 3 threads for barrier.
Number of nonzeros in lower triangle of A*A' = 62
Using Approximate Minimum Degree ordering
Total time for automatic ordering = 0.00 sec. (0.01 ticks)
Summary statistics for Cholesky factor:
  Threads                   = 3
  Rows in Factor            = 55
  Integer space required    = 65
  Total non-zeros in factor = 314
  Total FP ops to factor    = 3232
Barrier time = 0.00 sec. (0.08 ticks)

Dual simplex solved model.


Log for '' Clone_1 (V12.6.3.0) Tue Nov 20 15:58:26 2018


Log for 'C:\Users\enn\AppData\Local\Temp\c1efedb358aa4d0ba4c3de8e22a30ab1-pulp.lp' Clone_1 (V12.6.3.0) Tue Nov 20 15:58:27 2018


Log for 'C:\Users\enn\AppData\Local\Temp\c1efedb358aa4d0ba4c3de8e22a30ab1-pulp.lp' Clone_1 (V12.6.3.0) Tue Nov 20 15:58:29 2018

Tried aggregator 0 times.
No LP presolve or aggregator reductions.
Presolve time = 0.00 sec. (0.03 ticks)
Parallel mode: using up to 3 threads for barrier.
Number of nonzeros in lower triangle of A*A' = 65
Using Approximate Minimum Degree ordering
Total time for automatic ordering = 0.00 sec. (0.01 ticks)
Summary statistics for Cholesky factor:
  Threads                   = 3
  Rows in Factor            = 58
  Integer space required    = 66
  Total non-zeros in factor = 374
  Total FP ops to factor    = 3844
Barrier time = 0.00 sec. (0.09 ticks)

Dual simplex solved model.


Log for '' Clone_1 (V12.6.3.0) Tue Nov 20 15:59:05 2018


Log for 'C:\Users\enn\AppData\Local\Temp\a00bd717b32e48839a46861d7d92b7e5-pulp.lp' Clone_1 (V12.6.3.0) Tue Nov 20 15:59:05 2018


Log for 'C:\Users\enn\AppData\Local\Temp\a00bd717b32e48839a46861d7d92b7e5-pulp.lp' Clone_1 (V12.6.3.0) Tue Nov 20 15:59:06 2018

Tried aggregator 0 times.
No LP presolve or aggregator reductions.
Presolve time = 0.00 sec. (0.04 ticks)
Parallel mode: using up to 3 threads for barrier.
Number of nonzeros in lower triangle of A*A' = 75
Using Approximate Minimum Degree ordering
Total time for automatic ordering = 0.00 sec. (0.01 ticks)
Summary statistics for Cholesky factor:
  Threads                   = 3
  Rows in Factor            = 68
  Integer space required    = 82
  Total non-zeros in factor = 352
  Total FP ops to factor    = 3362
Barrier time = 0.00 sec. (0.10 ticks)

Dual simplex solved model.


Log for '' Clone_1 (V12.6.3.0) Tue Nov 20 16:23:20 2018


Log for 'C:\Users\enn\AppData\Local\Temp\01aa3741fef74a4793810ca4740d33ab-pulp.lp' Clone_1 (V12.6.3.0) Tue Nov 20 16:23:21 2018


Log for 'C:\Users\enn\AppData\Local\Temp\01aa3741fef74a4793810ca4740d33ab-pulp.lp' Clone_1 (V12.6.3.0) Tue Nov 20 16:23:22 2018

Tried aggregator 0 times.
No LP presolve or aggregator reductions.
Presolve time = 0.00 sec. (0.04 ticks)
Parallel mode: using up to 3 threads for barrier.
Number of nonzeros in lower triangle of A*A' = 76
Using Approximate Minimum Degree ordering
Total time for automatic ordering = 0.00 sec. (0.01 ticks)
Summary statistics for Cholesky factor:
  Threads                   = 3
  Rows in Factor            = 68
  Integer space required    = 83
  Total non-zeros in factor = 352
  Total FP ops to factor    = 3354
Barrier time = 0.00 sec. (0.10 ticks)

Dual simplex solved model.


Log for '' Clone_1 (V12.6.3.0) Tue Nov 20 16:51:39 2018


Log for 'C:\Users\enn\AppData\Local\Temp\8689638aa8c54a85bcc6933a4eb1e7e8-pulp.lp' Clone_1 (V12.6.3.0) Tue Nov 20 16:51:40 2018


Log for 'C:\Users\enn\AppData\Local\Temp\8689638aa8c54a85bcc6933a4eb1e7e8-pulp.lp' Clone_1 (V12.6.3.0) Tue Nov 20 16:51:43 2018

Tried aggregator 0 times.
No LP presolve or aggregator reductions.
Presolve time = 0.00 sec. (0.03 ticks)
Parallel mode: using up to 3 threads for barrier.
Number of nonzeros in lower triangle of A*A' = 65
Using Approximate Minimum Degree ordering
Total time for automatic ordering = 0.00 sec. (0.01 ticks)
Summary statistics for Cholesky factor:
  Threads                   = 3
  Rows in Factor            = 58
  Integer space required    = 67
  Total non-zeros in factor = 367
  Total FP ops to factor    = 3797
Barrier time = 0.00 sec. (0.08 ticks)

Dual simplex solved model.


Log for '' Clone_1 (V12.6.3.0) Tue Nov 20 16:52:11 2018


Log for 'C:\Users\enn\AppData\Local\Temp\6eb2a4258407455a8ba08da366221e60-pulp.lp' Clone_1 (V12.6.3.0) Tue Nov 20 16:52:12 2018


Log for 'C:\Users\enn\AppData\Local\Temp\6eb2a4258407455a8ba08da366221e60-pulp.lp' Clone_1 (V12.6.3.0) Tue Nov 20 16:52:13 2018

Tried aggregator 0 times.
No LP presolve or aggregator reductions.
Presolve time = 0.00 sec. (0.04 ticks)
Parallel mode: using up to 3 threads for barrier.
Number of nonzeros in lower triangle of A*A' = 59
Using Approximate Minimum Degree ordering
Total time for automatic ordering = 0.00 sec. (0.01 ticks)
Summary statistics for Cholesky factor:
  Threads                   = 3
  Rows in Factor            = 57
  Integer space required    = 67
  Total non-zeros in factor = 312
  Total FP ops to factor    = 3212
Barrier time = 0.00 sec. (0.08 ticks)

Dual simplex solved model.


Log for '' Clone_1 (V12.6.3.0) Tue Nov 20 17:12:13 2018


Log for 'C:\Users\enn\AppData\Local\Temp\75415a2e4dfe424d9cc4ce346b1d059e-pulp.lp' Clone_1 (V12.6.3.0) Tue Nov 20 17:12:13 2018


Log for 'C:\Users\enn\AppData\Local\Temp\75415a2e4dfe424d9cc4ce346b1d059e-pulp.lp' Clone_1 (V12.6.3.0) Tue Nov 20 17:12:15 2018

Tried aggregator 0 times.
No LP presolve or aggregator reductions.
Presolve time = 0.00 sec. (0.03 ticks)
Parallel mode: using up to 3 threads for barrier.
Number of nonzeros in lower triangle of A*A' = 58
Using Approximate Minimum Degree ordering
Total time for automatic ordering = 0.00 sec. (0.01 ticks)
Summary statistics for Cholesky factor:
  Threads                   = 3
  Rows in Factor            = 52
  Integer space required    = 61
  Total non-zeros in factor = 305
  Total FP ops to factor    = 3207
Barrier time = 0.00 sec. (0.07 ticks)

Dual simplex solved model.


Log for '' Clone_1 (V12.6.3.0) Tue Nov 20 17:13:01 2018


Log for 'C:\Users\enn\AppData\Local\Temp\b49c24674c40484aaa4aa173168c4b9e-pulp.lp' Clone_1 (V12.6.3.0) Tue Nov 20 17:13:02 2018


Log for 'C:\Users\enn\AppData\Local\Temp\b49c24674c40484aaa4aa173168c4b9e-pulp.lp' Clone_1 (V12.6.3.0) Tue Nov 20 17:13:03 2018

Tried aggregator 0 times.
No LP presolve or aggregator reductions.
Presolve time = 0.00 sec. (0.03 ticks)
Parallel mode: using up to 3 threads for barrier.
Number of nonzeros in lower triangle of A*A' = 58
Using Approximate Minimum Degree ordering
Total time for automatic ordering = 0.00 sec. (0.01 ticks)
Summary statistics for Cholesky factor:
  Threads                   = 3
  Rows in Factor            = 53
  Integer space required    = 63
  Total non-zeros in factor = 307
  Total FP ops to factor    = 3211
Barrier time = 0.00 sec. (0.08 ticks)

Dual simplex solved model.


Log for '' Clone_1 (V12.6.3.0) Tue Nov 20 17:13:56 2018


Log for 'C:\Users\enn\AppData\Local\Temp\13c082192b0d46e6b7db3d8ca81621e1-pulp.lp' Clone_1 (V12.6.3.0) Tue Nov 20 17:13:57 2018


Log for 'C:\Users\enn\AppData\Local\Temp\13c082192b0d46e6b7db3d8ca81621e1-pulp.lp' Clone_1 (V12.6.3.0) Tue Nov 20 17:13:58 2018

Tried aggregator 0 times.
No LP presolve or aggregator reductions.
Presolve time = 0.00 sec. (0.03 ticks)
Parallel mode: using up to 3 threads for barrier.
Number of nonzeros in lower triangle of A*A' = 58
Using Approximate Minimum Degree ordering
Total time for automatic ordering = 0.00 sec. (0.01 ticks)
Summary statistics for Cholesky factor:
  Threads                   = 3
  Rows in Factor            = 52
  Integer space required    = 62
  Total non-zeros in factor = 303
  Total FP ops to factor    = 3183
Barrier time = 0.00 sec. (0.07 ticks)

Dual simplex solved model.


Log for '' Clone_1 (V12.6.3.0) Tue Nov 20 17:14:25 2018


Log for 'C:\Users\enn\AppData\Local\Temp\5c5ff3b5013d45abba26f4fc4e8c8cd8-pulp.lp' Clone_1 (V12.6.3.0) Tue Nov 20 17:14:26 2018


Log for 'C:\Users\enn\AppData\Local\Temp\5c5ff3b5013d45abba26f4fc4e8c8cd8-pulp.lp' Clone_1 (V12.6.3.0) Tue Nov 20 17:14:27 2018

Tried aggregator 0 times.
No LP presolve or aggregator reductions.
Presolve time = 0.00 sec. (0.03 ticks)
Parallel mode: using up to 3 threads for barrier.
Number of nonzeros in lower triangle of A*A' = 69
Using Approximate Minimum Degree ordering
Total time for automatic ordering = 0.00 sec. (0.01 ticks)
Summary statistics for Cholesky factor:
  Threads                   = 3
  Rows in Factor            = 59
  Integer space required    = 70
  Total non-zeros in factor = 335
  Total FP ops to factor    = 3345
 Itn      Primal Obj        Dual Obj  Prim Inf Upper Inf  Dual Inf Inf Ratio
   0  2.2030051e+006  1.8021540e+007 2.64e+005 4.85e+005 2.14e+004 1.00e+000
Barrier time = 0.00 sec. (0.11 ticks)

Dual simplex solved model.


Log for '' Clone_1 (V12.6.3.0) Tue Nov 20 17:15:58 2018


Log for 'C:\Users\enn\AppData\Local\Temp\71296b7ad659456a9699946ad6ea8cca-pulp.lp' Clone_1 (V12.6.3.0) Tue Nov 20 17:15:59 2018


Log for 'C:\Users\enn\AppData\Local\Temp\71296b7ad659456a9699946ad6ea8cca-pulp.lp' Clone_1 (V12.6.3.0) Tue Nov 20 17:16:00 2018

Tried aggregator 0 times.
No LP presolve or aggregator reductions.
Presolve time = 0.00 sec. (0.04 ticks)
Parallel mode: using up to 3 threads for barrier.
Number of nonzeros in lower triangle of A*A' = 63
Using Approximate Minimum Degree ordering
Total time for automatic ordering = 0.00 sec. (0.01 ticks)
Summary statistics for Cholesky factor:
  Threads                   = 3
  Rows in Factor            = 60
  Integer space required    = 73
  Total non-zeros in factor = 319
  Total FP ops to factor    = 3223
 Itn      Primal Obj        Dual Obj  Prim Inf Upper Inf  Dual Inf Inf Ratio
   0  5.0100629e+006  2.3443010e+007 1.73e+005 2.53e+005 1.22e+004 1.00e+000
 Barrier aborted.
Barrier time = 0.00 sec. (0.11 ticks)

Dual simplex solved model.


Log for '' Clone_1 (V12.6.3.0) Tue Nov 20 17:17:24 2018


Log for 'C:\Users\enn\AppData\Local\Temp\ccf7a77176f44fde9c365549a03edeac-pulp.lp' Clone_1 (V12.6.3.0) Tue Nov 20 17:17:25 2018


Log for 'C:\Users\enn\AppData\Local\Temp\ccf7a77176f44fde9c365549a03edeac-pulp.lp' Clone_1 (V12.6.3.0) Tue Nov 20 17:17:26 2018

Tried aggregator 0 times.
No LP presolve or aggregator reductions.
Presolve time = 0.00 sec. (0.04 ticks)
Parallel mode: using up to 3 threads for barrier.
Number of nonzeros in lower triangle of A*A' = 65
Using Approximate Minimum Degree ordering
Total time for automatic ordering = 0.00 sec. (0.01 ticks)
Summary statistics for Cholesky factor:
  Threads                   = 3
  Rows in Factor            = 60
  Integer space required    = 72
  Total non-zeros in factor = 369
  Total FP ops to factor    = 3785
Barrier time = 0.00 sec. (0.09 ticks)

Dual simplex solved model.


Log for '' Clone_1 (V12.6.3.0) Tue Nov 20 17:20:00 2018


Log for 'C:\Users\enn\AppData\Local\Temp\d0558208061049e48bdc84a110fbfb61-pulp.lp' Clone_1 (V12.6.3.0) Tue Nov 20 17:20:01 2018


Log for 'C:\Users\enn\AppData\Local\Temp\d0558208061049e48bdc84a110fbfb61-pulp.lp' Clone_1 (V12.6.3.0) Tue Nov 20 17:20:02 2018

Tried aggregator 0 times.
No LP presolve or aggregator reductions.
Presolve time = 0.00 sec. (0.01 ticks)
Parallel mode: using up to 3 threads for barrier.
Number of nonzeros in lower triangle of A*A' = 0
Using Approximate Minimum Degree ordering
Total time for automatic ordering = 0.00 sec. (0.00 ticks)
Barrier time = 0.00 sec. (0.01 ticks)

Dual simplex solved model.


Log for '' Clone_1 (V12.6.3.0) Tue Nov 20 17:21:10 2018


Log for 'C:\Users\enn\AppData\Local\Temp\d46fec656a594ab8a8e3d5cd084c2b3b-pulp.lp' Clone_1 (V12.6.3.0) Tue Nov 20 17:21:10 2018


Log for 'C:\Users\enn\AppData\Local\Temp\d46fec656a594ab8a8e3d5cd084c2b3b-pulp.lp' Clone_1 (V12.6.3.0) Tue Nov 20 17:21:12 2018

Tried aggregator 0 times.
No LP presolve or aggregator reductions.
Presolve time = 0.00 sec. (0.04 ticks)
Parallel mode: using up to 3 threads for barrier.
Number of nonzeros in lower triangle of A*A' = 70
Using Approximate Minimum Degree ordering
Total time for automatic ordering = 0.00 sec. (0.01 ticks)
Summary statistics for Cholesky factor:
  Threads                   = 3
  Rows in Factor            = 65
  Integer space required    = 79
  Total non-zeros in factor = 339
  Total FP ops to factor    = 3301
Barrier time = 0.00 sec. (0.10 ticks)

Dual simplex solved model.


Log for '' Clone_1 (V12.6.3.0) Tue Nov 20 17:22:01 2018


Log for 'C:\Users\enn\AppData\Local\Temp\b887bc31d93942c1bdc481e440d7dcac-pulp.lp' Clone_1 (V12.6.3.0) Tue Nov 20 17:22:01 2018


Log for 'C:\Users\enn\AppData\Local\Temp\b887bc31d93942c1bdc481e440d7dcac-pulp.lp' Clone_1 (V12.6.3.0) Tue Nov 20 17:22:03 2018

Tried aggregator 0 times.
No LP presolve or aggregator reductions.
Presolve time = 0.00 sec. (0.03 ticks)
Parallel mode: using up to 3 threads for barrier.
Number of nonzeros in lower triangle of A*A' = 60
Using Approximate Minimum Degree ordering
Total time for automatic ordering = 0.00 sec. (0.01 ticks)
Summary statistics for Cholesky factor:
  Threads                   = 3
  Rows in Factor            = 55
  Integer space required    = 68
  Total non-zeros in factor = 313
  Total FP ops to factor    = 3229
 Itn      Primal Obj        Dual Obj  Prim Inf Upper Inf  Dual Inf Inf Ratio
   0 -9.9932976e+006  2.4552921e+007 1.90e+005 3.46e+005 1.47e+004 1.00e+000
 Barrier aborted.
Barrier time = 0.00 sec. (0.10 ticks)

Dual simplex solved model.


Log for '' Clone_1 (V12.6.3.0) Tue Nov 20 17:23:02 2018


Log for 'C:\Users\enn\AppData\Local\Temp\c0d793e598374eaca82992a0d3bc4900-pulp.lp' Clone_1 (V12.6.3.0) Tue Nov 20 17:23:03 2018


Log for 'C:\Users\enn\AppData\Local\Temp\c0d793e598374eaca82992a0d3bc4900-pulp.lp' Clone_1 (V12.6.3.0) Tue Nov 20 17:23:04 2018

Tried aggregator 0 times.
No LP presolve or aggregator reductions.
Presolve time = 0.00 sec. (0.04 ticks)
Parallel mode: using up to 3 threads for barrier.
Number of nonzeros in lower triangle of A*A' = 65
Using Approximate Minimum Degree ordering
Total time for automatic ordering = 0.00 sec. (0.01 ticks)
Summary statistics for Cholesky factor:
  Threads                   = 3
  Rows in Factor            = 60
  Integer space required    = 71
  Total non-zeros in factor = 372
  Total FP ops to factor    = 3806
Barrier time = 0.00 sec. (0.09 ticks)

Dual simplex solved model.

